<?xml version="1.0" encoding="UTF-8"?>
<testsuite name="clj-net-pcap.test.native" errors="0" failures="0" tests="6" time="0.0314" timestamp="2013-07-04_23:33:14+0200">
    <testcase name="extract-from-jar-to-file" classname="clj-net-pcap.test.native" time="0.0097">
    </testcase>
    <testcase name="extract-remove-native-libs" classname="clj-net-pcap.test.native" time="0.0106">
    </testcase>
    <testcase name="get-url-for-lib" classname="clj-net-pcap.test.native" time="0.0004">
    </testcase>
    <testcase name="mk-rm-native-lib-dir" classname="clj-net-pcap.test.native" time="0.0019">
    </testcase>
    <testcase name="get-url-for-lib-error" classname="clj-net-pcap.test.native" time="0.0005">
    </testcase>
    <testcase name="find-lib-in-jar" classname="clj-net-pcap.test.native" time="0.0009">
    </testcase>
</testsuite>
