<?xml version="1.0" encoding="UTF-8"?>
<testsuite name="clj-net-pcap.test.sniffer" errors="0" failures="0" tests="2" time="1.0648" timestamp="2022-10-02_20:49:13+0200">
    <testcase name="sniffer-forwarder-interaction" classname="clj-net-pcap.test.sniffer" time="1.0618">
    </testcase>
    <testcase name="test-forwarder" classname="clj-net-pcap.test.sniffer" time="0.0015">
    </testcase>
    <system-err>
Creating pcap with: device = lo ; buffer size = 67108864 ; snaplen = 128 ; and promiscuous mode (flags) = 1
    </system-err>
    <system-out>
Creating pcap with: device =32lo32; buffer size =326710886432; snaplen =3212832; and promiscuous mode (flags) =321
Stopping online pcap.
    </system-out>
    <properties>
[...]
</properties>
</testsuite>
