<?xml version="1.0" encoding="UTF-8"?>
<testsuite name="clj-net-pcap.test.byte-array-extraction-dsl" errors="0" failures="0" tests="35" time="0.3172" timestamp="2022-10-02_20:48:44+0200">
    <testcase name="timestamp-extraction-be-test" classname="clj-net-pcap.test.byte-array-extraction-dsl" time="0.0039">
    </testcase>
    <testcase name="full-ipv4-udp-dsl-be-test" classname="clj-net-pcap.test.byte-array-extraction-dsl" time="0.0038">
    </testcase>
    <testcase name="new-dsl-with-type-java-map-and-operation-test" classname="clj-net-pcap.test.byte-array-extraction-dsl" time="0.0035">
    </testcase>
    <testcase name="get-arff-type-header-test" classname="clj-net-pcap.test.byte-array-extraction-dsl" time="0.0013">
    </testcase>
    <testcase name="simple-hardcoded-offsets-dsl-test" classname="clj-net-pcap.test.byte-array-extraction-dsl" time="0.0025">
    </testcase>
    <testcase name="dsl-with-type-json-str-test" classname="clj-net-pcap.test.byte-array-extraction-dsl" time="0.0043">
    </testcase>
    <testcase name="get-arff-type-header-new-dsl-test" classname="clj-net-pcap.test.byte-array-extraction-dsl" time="0.0049">
    </testcase>
    <testcase name="dsl-with-type-clj-map-test" classname="clj-net-pcap.test.byte-array-extraction-dsl" time="0.0044">
    </testcase>
    <testcase name="simple-packet-offsets-name-dsl-test" classname="clj-net-pcap.test.byte-array-extraction-dsl" time="0.0023">
    </testcase>
    <testcase name="new-dsl-with-type-json-str-test" classname="clj-net-pcap.test.byte-array-extraction-dsl" time="0.0508">
    </testcase>
    <testcase name="extended-packet-offsets-name-dsl-le-strings-test" classname="clj-net-pcap.test.byte-array-extraction-dsl" time="0.0035">
    </testcase>
    <testcase name="new-dsl-with-type-java-map-and-operation-test-2" classname="clj-net-pcap.test.byte-array-extraction-dsl" time="0.0043">
    </testcase>
    <testcase name="dsl-with-type-java-map-test" classname="clj-net-pcap.test.byte-array-extraction-dsl" time="0.0029">
    </testcase>
    <testcase name="get-arff-numeric-type-test-2" classname="clj-net-pcap.test.byte-array-extraction-dsl" time="0.0007">
    </testcase>
    <testcase name="extended-packet-offsets-name-dsl-be-test" classname="clj-net-pcap.test.byte-array-extraction-dsl" time="0.0030">
    </testcase>
    <testcase name="new-dsl-with-type-csv-str-test" classname="clj-net-pcap.test.byte-array-extraction-dsl" time="0.0353">
    </testcase>
    <testcase name="dsl-with-type-csv-str-test" classname="clj-net-pcap.test.byte-array-extraction-dsl" time="0.0026">
    </testcase>
    <testcase name="get-arff-string-type-test" classname="clj-net-pcap.test.byte-array-extraction-dsl" time="0.0008">
    </testcase>
    <testcase name="dsl-with-type-json-str-test-3" classname="clj-net-pcap.test.byte-array-extraction-dsl" time="0.0146">
    </testcase>
    <testcase name="new-dsl-with-type-java-map-and-operation-test-3" classname="clj-net-pcap.test.byte-array-extraction-dsl" time="0.0089">
    </testcase>
    <testcase name="dsl-with-type-json-str-test-2" classname="clj-net-pcap.test.byte-array-extraction-dsl" time="0.0039">
    </testcase>
    <testcase name="dsl-default-to-java-map-type-test" classname="clj-net-pcap.test.byte-array-extraction-dsl" time="0.0299">
    </testcase>
    <testcase name="timestamp-extraction-le-test" classname="clj-net-pcap.test.byte-array-extraction-dsl" time="0.0076">
    </testcase>
    <testcase name="new-dsl-with-type-clj-map-test" classname="clj-net-pcap.test.byte-array-extraction-dsl" time="0.0030">
    </testcase>
    <testcase name="ipv4-version-extraction-test" classname="clj-net-pcap.test.byte-array-extraction-dsl" time="0.0097">
    </testcase>
    <testcase name="ipv4-address-extraction-test" classname="clj-net-pcap.test.byte-array-extraction-dsl" time="0.0045">
    </testcase>
    <testcase name="extended-packet-offsets-name-dsl-le-test" classname="clj-net-pcap.test.byte-array-extraction-dsl" time="0.0031">
    </testcase>
    <testcase name="new-dsl-with-type-java-map-test" classname="clj-net-pcap.test.byte-array-extraction-dsl" time="0.0029">
    </testcase>
    <testcase name="dsl-with-type-csv-str-test-2" classname="clj-net-pcap.test.byte-array-extraction-dsl" time="0.0028">
    </testcase>
    <testcase name="dsl-with-type-csv-str-test-3" classname="clj-net-pcap.test.byte-array-extraction-dsl" time="0.0046">
    </testcase>
    <testcase name="full-ipv4-udp-dsl-le-test" classname="clj-net-pcap.test.byte-array-extraction-dsl" time="0.0040">
    </testcase>
    <testcase name="get-arff-header-test" classname="clj-net-pcap.test.byte-array-extraction-dsl" time="0.0008">
    </testcase>
    <testcase name="resolve-transf-fn-old-syntax-test" classname="clj-net-pcap.test.byte-array-extraction-dsl" time="0.0003">
    </testcase>
    <testcase name="ethernet-address-extraction-test" classname="clj-net-pcap.test.byte-array-extraction-dsl" time="0.0043">
    </testcase>
    <testcase name="get-arff-numeric-type-test" classname="clj-net-pcap.test.byte-array-extraction-dsl" time="0.0004">
    </testcase>
    <system-err>
    </system-err>
    <system-out>
Unknown type:32:invalid-type-name
Defaulting to :java-maps
    </system-out>
    <properties>
[...]
</properties>
</testsuite>
