<?xml version="1.0" encoding="UTF-8"?>
<testsuite name="clj-net-pcap.test.java-interop" errors="0" failures="0" tests="3" time="0.5112" timestamp="2015-08-24_13:09:35+0200">
    <testcase name="test-java-static-extract-nested-maps-from-pcap-file" classname="clj-net-pcap.test.java-interop" time="0.2063">
    </testcase>
    <testcase name="test-java-static-extract-maps-from-pcap-file" classname="clj-net-pcap.test.java-interop" time="0.1018">
    </testcase>
    <testcase name="test-java-static-extract-beans-from-pcap-file" classname="clj-net-pcap.test.java-interop" time="0.2020">
    </testcase>
</testsuite>
