<?xml version="1.0" encoding="UTF-8"?>
<testsuite name="clj-net-pcap.test.pcap-offline" errors="0" failures="0" tests="5" time="0.2173" timestamp="2013-04-13_11:48:46+0200">
    <testcase name="test-create-pcap-from-file-error" classname="clj-net-pcap.test.pcap-offline" time="0.0021">
    </testcase>
    <testcase name="test-process-pcap-file-to-map" classname="clj-net-pcap.test.pcap-offline" time="0.0058">
    </testcase>
    <testcase name="test-create-pcap-from-file" classname="clj-net-pcap.test.pcap-offline" time="0.0003">
    </testcase>
    <testcase name="test-create-pcap-from-file-and-dispatch" classname="clj-net-pcap.test.pcap-offline" time="0.2020">
    </testcase>
    <testcase name="test-process-pcap-file" classname="clj-net-pcap.test.pcap-offline" time="0.0015">
    </testcase>
</testsuite>
