<?xml version="1.0" encoding="UTF-8"?>
<testsuite name="clj-net-pcap.test.pcap" errors="0" failures="0" tests="9" time="0.7416" timestamp="2013-04-13_11:48:46+0200">
    <testcase name="test-device-exists" classname="clj-net-pcap.test.pcap" time="0.2092">
    </testcase>
    <testcase name="test-create-and-activate-pcap" classname="clj-net-pcap.test.pcap" time="0.0936">
    </testcase>
    <testcase name="test-create-and-set-filter" classname="clj-net-pcap.test.pcap" time="0.0617">
    </testcase>
    <testcase name="test-create-filter" classname="clj-net-pcap.test.pcap" time="0.0005">
    </testcase>
    <testcase name="test-create-pcap" classname="clj-net-pcap.test.pcap" time="0.0003">
    </testcase>
    <testcase name="test-create-get-stat-fn" classname="clj-net-pcap.test.pcap" time="0.0923">
    </testcase>
    <testcase name="test-set-filter" classname="clj-net-pcap.test.pcap" time="0.1011">
    </testcase>
    <testcase name="test-get-devices" classname="clj-net-pcap.test.pcap" time="0.0865">
    </testcase>
    <testcase name="test-get-device" classname="clj-net-pcap.test.pcap" time="0.0859">
    </testcase>
</testsuite>
