<?xml version="1.0" encoding="UTF-8"?>
<testsuite name="clj-net-pcap.test.pcap-data" errors="0" failures="0" tests="4" time="0.0315" timestamp="2013-12-04_19:21:17+0100">
    <testcase name="test-guess-class-b-net-2" classname="clj-net-pcap.test.pcap-data" time="0.0182">
    </testcase>
    <testcase name="test-guess-class-c-net" classname="clj-net-pcap.test.pcap-data" time="0.0023">
    </testcase>
    <testcase name="test-guess-class-a-net" classname="clj-net-pcap.test.pcap-data" time="0.0020">
    </testcase>
    <testcase name="test-guess-class-b-net" classname="clj-net-pcap.test.pcap-data" time="0.0022">
    </testcase>
</testsuite>
