<?xml version="1.0" encoding="UTF-8"?>
<testsuite name="clj-net-pcap.test.protocols" errors="0" failures="0" tests="4" time="0.0094" timestamp="2013-12-04_19:32:44+0100">
    <testcase name="test-extract-udp-maps-from-pcap-file" classname="clj-net-pcap.test.protocols" time="0.0016">
    </testcase>
    <testcase name="test-extract-tcp-beans-from-pcap-file" classname="clj-net-pcap.test.protocols" time="0.0020">
    </testcase>
    <testcase name="test-extract-tcp-maps-from-pcap-file" classname="clj-net-pcap.test.protocols" time="0.0013">
    </testcase>
    <testcase name="test-extract-udp-beans-from-pcap-file" classname="clj-net-pcap.test.protocols" time="0.0014">
    </testcase>
</testsuite>
