<?xml version="1.0" encoding="UTF-8" ?>
<testsuites>
  <testsuite errors="0" failures="0" id="0" name="byte-array-extraction-dsl" package="clj-net-pcap.test" tests="35" time="0.1667" timestamp="2022-12-25_19:48:00+0100">
        <testcase classname="clj-net-pcap.test.byte-array-extraction-dsl" name="timestamp-extraction-be-test" time="0.0052">
    </testcase>

        <testcase classname="clj-net-pcap.test.byte-array-extraction-dsl" name="full-ipv4-udp-dsl-be-test" time="0.0042">
    </testcase>

        <testcase classname="clj-net-pcap.test.byte-array-extraction-dsl" name="new-dsl-with-type-java-map-and-operation-test" time="0.0029">
    </testcase>

        <testcase classname="clj-net-pcap.test.byte-array-extraction-dsl" name="get-arff-type-header-test" time="0.0014">
    </testcase>

        <testcase classname="clj-net-pcap.test.byte-array-extraction-dsl" name="simple-hardcoded-offsets-dsl-test" time="0.0023">
    </testcase>

        <testcase classname="clj-net-pcap.test.byte-array-extraction-dsl" name="dsl-with-type-json-str-test" time="0.0037">
    </testcase>

        <testcase classname="clj-net-pcap.test.byte-array-extraction-dsl" name="get-arff-type-header-new-dsl-test" time="0.0046">
    </testcase>

        <testcase classname="clj-net-pcap.test.byte-array-extraction-dsl" name="dsl-with-type-clj-map-test" time="0.0029">
    </testcase>

        <testcase classname="clj-net-pcap.test.byte-array-extraction-dsl" name="simple-packet-offsets-name-dsl-test" time="0.0040">
    </testcase>

        <testcase classname="clj-net-pcap.test.byte-array-extraction-dsl" name="new-dsl-with-type-json-str-test" time="0.0039">
    </testcase>

        <testcase classname="clj-net-pcap.test.byte-array-extraction-dsl" name="extended-packet-offsets-name-dsl-le-strings-test" time="0.0024">
    </testcase>

        <testcase classname="clj-net-pcap.test.byte-array-extraction-dsl" name="new-dsl-with-type-java-map-and-operation-test-2" time="0.0020">
    </testcase>

        <testcase classname="clj-net-pcap.test.byte-array-extraction-dsl" name="dsl-with-type-java-map-test" time="0.0022">
    </testcase>

        <testcase classname="clj-net-pcap.test.byte-array-extraction-dsl" name="get-arff-numeric-type-test-2" time="0.0004">
    </testcase>

        <testcase classname="clj-net-pcap.test.byte-array-extraction-dsl" name="extended-packet-offsets-name-dsl-be-test" time="0.0170">
    </testcase>

        <testcase classname="clj-net-pcap.test.byte-array-extraction-dsl" name="new-dsl-with-type-csv-str-test" time="0.0066">
    </testcase>

        <testcase classname="clj-net-pcap.test.byte-array-extraction-dsl" name="dsl-with-type-csv-str-test" time="0.0025">
    </testcase>

        <testcase classname="clj-net-pcap.test.byte-array-extraction-dsl" name="get-arff-string-type-test" time="0.0005">
    </testcase>

        <testcase classname="clj-net-pcap.test.byte-array-extraction-dsl" name="dsl-with-type-json-str-test-3" time="0.0188">
    </testcase>

        <testcase classname="clj-net-pcap.test.byte-array-extraction-dsl" name="new-dsl-with-type-java-map-and-operation-test-3" time="0.0034">
    </testcase>

        <testcase classname="clj-net-pcap.test.byte-array-extraction-dsl" name="dsl-with-type-json-str-test-2" time="0.0081">
    </testcase>

        <testcase classname="clj-net-pcap.test.byte-array-extraction-dsl" name="dsl-default-to-java-map-type-test" time="0.0056">
    </testcase>

        <testcase classname="clj-net-pcap.test.byte-array-extraction-dsl" name="timestamp-extraction-le-test" time="0.0032">
    </testcase>

        <testcase classname="clj-net-pcap.test.byte-array-extraction-dsl" name="new-dsl-with-type-clj-map-test" time="0.0033">
    </testcase>

        <testcase classname="clj-net-pcap.test.byte-array-extraction-dsl" name="ipv4-version-extraction-test" time="0.0044">
    </testcase>

        <testcase classname="clj-net-pcap.test.byte-array-extraction-dsl" name="ipv4-address-extraction-test" time="0.0033">
    </testcase>

        <testcase classname="clj-net-pcap.test.byte-array-extraction-dsl" name="extended-packet-offsets-name-dsl-le-test" time="0.0028">
    </testcase>

        <testcase classname="clj-net-pcap.test.byte-array-extraction-dsl" name="new-dsl-with-type-java-map-test" time="0.0051">
    </testcase>

        <testcase classname="clj-net-pcap.test.byte-array-extraction-dsl" name="dsl-with-type-csv-str-test-2" time="0.0019">
    </testcase>

        <testcase classname="clj-net-pcap.test.byte-array-extraction-dsl" name="dsl-with-type-csv-str-test-3" time="0.0026">
    </testcase>

        <testcase classname="clj-net-pcap.test.byte-array-extraction-dsl" name="full-ipv4-udp-dsl-le-test" time="0.0028">
    </testcase>

        <testcase classname="clj-net-pcap.test.byte-array-extraction-dsl" name="get-arff-header-test" time="0.0004">
    </testcase>

        <testcase classname="clj-net-pcap.test.byte-array-extraction-dsl" name="resolve-transf-fn-old-syntax-test" time="0.0004">
    </testcase>

        <testcase classname="clj-net-pcap.test.byte-array-extraction-dsl" name="ethernet-address-extraction-test" time="0.0025">
    </testcase>

        <testcase classname="clj-net-pcap.test.byte-array-extraction-dsl" name="get-arff-numeric-type-test" time="0.0002">
    </testcase>

        <system-err>
    </system-err>

        <system-out>
Unknown type:32:invalid-type-name
Defaulting to :java-maps
    </system-out>

        <properties>
[...]
</properties>

  </testsuite>
  <testsuite errors="0" failures="0" id="1" name="byte-array-extraction" package="clj-net-pcap.test" tests="6" time="0.4581" timestamp="2022-12-25_19:48:00+0100">
        <testcase classname="clj-net-pcap.test.byte-array-extraction" name="test-extract-udp-maps-from-pcap-file-ipv4-udp-only-reference" time="0.2132">
    </testcase>

        <testcase classname="clj-net-pcap.test.byte-array-extraction" name="test-extract-data-from-byte-array-to-map-ipv4-udp-only-be" time="0.0014">
    </testcase>

        <testcase classname="clj-net-pcap.test.byte-array-extraction" name="test-extract-data-from-byte-array-to-bean-ipv4-udp-only-be" time="0.0018">
    </testcase>

        <testcase classname="clj-net-pcap.test.byte-array-extraction" name="test-extract-udp-beans-from-pcap-file-ipv4-udp-only-reference" time="0.2087">
    </testcase>

        <testcase classname="clj-net-pcap.test.byte-array-extraction" name="test-extract-data-from-byte-array-to-bean-ipv4-udp-only" time="0.0023">
    </testcase>

        <testcase classname="clj-net-pcap.test.byte-array-extraction" name="test-extract-data-from-byte-array-to-map-ipv4-udp-only" time="0.0018">
    </testcase>

        <system-err>
    </system-err>

        <system-out>
Waiting till handler completed...
Waiting till handler completed...
    </system-out>

        <properties>
[...]
</properties>

  </testsuite>
  <testsuite errors="0" failures="0" id="2" name="core" package="clj-net-pcap.test" tests="8" time="0.4779" timestamp="2022-12-25_19:48:00+0100">
        <testcase classname="clj-net-pcap.test.core" name="test-unsupported-operation-throws-exception" time="0.0631">
    </testcase>

        <testcase classname="clj-net-pcap.test.core" name="test-add-filter" time="0.0728">
    </testcase>

        <testcase classname="clj-net-pcap.test.core" name="test-get-filter" time="0.0468">
    </testcase>

        <testcase classname="clj-net-pcap.test.core" name="test-remove-last-filter" time="0.0511">
    </testcase>

        <testcase classname="clj-net-pcap.test.core" name="test-simple-get-stats" time="0.0591">
    </testcase>

        <testcase classname="clj-net-pcap.test.core" name="test-do-not-add-empty-filter" time="0.0555">
    </testcase>

        <testcase classname="clj-net-pcap.test.core" name="cljnetpcap-test" time="0.0708">
    </testcase>

        <testcase classname="clj-net-pcap.test.core" name="test-remove-filter" time="0.0529">
    </testcase>

        <system-err>
Creating pcap with: device = lo ; buffer size = 67108864 ; snaplen = 128 ; and promiscuous mode (flags) = 1
Creating pcap with: device = lo ; buffer size = 67108864 ; snaplen = 128 ; and promiscuous mode (flags) = 1
Creating pcap with: device = lo ; buffer size = 67108864 ; snaplen = 128 ; and promiscuous mode (flags) = 1
Creating pcap with: device = lo ; buffer size = 67108864 ; snaplen = 128 ; and promiscuous mode (flags) = 1
Creating pcap with: device = lo ; buffer size = 67108864 ; snaplen = 128 ; and promiscuous mode (flags) = 1
Creating pcap with: device = lo ; buffer size = 67108864 ; snaplen = 128 ; and promiscuous mode (flags) = 1
Creating pcap with: device = lo ; buffer size = 67108864 ; snaplen = 128 ; and promiscuous mode (flags) = 1
Creating pcap with: device = lo ; buffer size = 67108864 ; snaplen = 128 ; and promiscuous mode (flags) = 1
    </system-err>

        <system-out>
Creating pcap with: device =32lo32; buffer size =326710886432; snaplen =3212832; and promiscuous mode (flags) =321
Stopping online pcap.
Creating pcap with: device =32lo32; buffer size =326710886432; snaplen =3212832; and promiscuous mode (flags) =321
Stopping online pcap.
Creating pcap with: device =32lo32; buffer size =326710886432; snaplen =3212832; and promiscuous mode (flags) =321
Stopping online pcap.
Creating pcap with: device =32lo32; buffer size =326710886432; snaplen =3212832; and promiscuous mode (flags) =321
Stopping online pcap.
Creating pcap with: device =32lo32; buffer size =326710886432; snaplen =3212832; and promiscuous mode (flags) =321
Stopping online pcap.
Creating pcap with: device =32lo32; buffer size =326710886432; snaplen =3212832; and promiscuous mode (flags) =321
Stopping online pcap.
Creating pcap with: device =32lo32; buffer size =326710886432; snaplen =3212832; and promiscuous mode (flags) =321
Stopping online pcap.
Creating pcap with: device =32lo32; buffer size =326710886432; snaplen =3212832; and promiscuous mode (flags) =321
Stopping online pcap.
    </system-out>

        <properties>
[...]
</properties>

  </testsuite>
  <testsuite errors="0" failures="0" id="3" name="file-output" package="clj-net-pcap.test" tests="5" time="10.3976" timestamp="2022-12-25_19:48:11+0100">
        <testcase classname="clj-net-pcap.test.file-output" name="csv-str-to-file-online-test" time="2.0757">
    </testcase>

        <testcase classname="clj-net-pcap.test.file-output" name="json-str-to-file-online-three-packets-test" time="2.0936">
    </testcase>

        <testcase classname="clj-net-pcap.test.file-output" name="csv-str-to-file-online-bs2-test" time="2.0884">
    </testcase>

        <testcase classname="clj-net-pcap.test.file-output" name="json-str-to-file-online-test" time="2.0718">
    </testcase>

        <testcase classname="clj-net-pcap.test.file-output" name="csv-str-to-file-online-three-packets-test" time="2.0594">
    </testcase>

        <system-err>
Creating pcap with: device = lo ; buffer size = 67108864 ; snaplen = 64 ; and promiscuous mode (flags) = 1
Creating pcap with: device = lo ; buffer size = 67108864 ; snaplen = 64 ; and promiscuous mode (flags) = 1
Creating pcap with: device = lo ; buffer size = 67108864 ; snaplen = 64 ; and promiscuous mode (flags) = 1
Creating pcap with: device = lo ; buffer size = 67108864 ; snaplen = 64 ; and promiscuous mode (flags) = 1
Creating pcap with: device = lo ; buffer size = 67108864 ; snaplen = 64 ; and promiscuous mode (flags) = 1
    </system-err>

        <system-out>
Creating pcap with: device =32lo32; buffer size =326710886432; snaplen =326432; and promiscuous mode (flags) =321
Stopping online pcap.
Creating pcap with: device =32lo32; buffer size =326710886432; snaplen =326432; and promiscuous mode (flags) =321
Stopping online pcap.
Creating pcap with: device =32lo32; buffer size =326710886432; snaplen =326432; and promiscuous mode (flags) =321
Stopping online pcap.
Creating pcap with: device =32lo32; buffer size =326710886432; snaplen =326432; and promiscuous mode (flags) =321
Stopping online pcap.
Creating pcap with: device =32lo32; buffer size =326710886432; snaplen =326432; and promiscuous mode (flags) =321
Stopping online pcap.
    </system-out>

        <properties>
[...]
</properties>

  </testsuite>
  <testsuite errors="0" failures="0" id="4" name="java-interop" package="clj-net-pcap.test" tests="3" time="0.3117" timestamp="2022-12-25_19:48:11+0100">
        <testcase classname="clj-net-pcap.test.java-interop" name="test-java-static-extract-nested-maps-from-pcap-file" time="0.1055">
    </testcase>

        <testcase classname="clj-net-pcap.test.java-interop" name="test-java-static-extract-maps-from-pcap-file" time="0.1024">
    </testcase>

        <testcase classname="clj-net-pcap.test.java-interop" name="test-java-static-extract-beans-from-pcap-file" time="0.1023">
    </testcase>

        <system-err>
    </system-err>

        <system-out>
Waiting till handler completed...
Waiting till handler completed...
Waiting till handler completed...
    </system-out>

        <properties>
[...]
</properties>

  </testsuite>
  <testsuite errors="0" failures="0" id="5" name="main" package="clj-net-pcap.test" tests="9" time="2.2780" timestamp="2015-08-24_13:09:38+0200">
        <testcase classname="clj-net-pcap.test.main" name="test-simple-timed-main-run-with-combined-output" time="0.3269">
    </testcase>

        <testcase classname="clj-net-pcap.test.main" name="test-simple-manual-main-run" time="0.2954">
    </testcase>

        <testcase classname="clj-net-pcap.test.main" name="test-simple-timed-main-run" time="0.2678">
    </testcase>

        <testcase classname="clj-net-pcap.test.main" name="test-simple-timed-main-run-with-no-op-counter-forwarder" time="0.2652">
    </testcase>

        <testcase classname="clj-net-pcap.test.main" name="test-simple-timed-main-run-with-byte-array-output" time="0.2685">
    </testcase>

        <testcase classname="clj-net-pcap.test.main" name="test-main-print-help" time="0.0077">
    </testcase>

        <testcase classname="clj-net-pcap.test.main" name="test-simple-main-read-file" time="0.2188">
    </testcase>

        <testcase classname="clj-net-pcap.test.main" name="test-manual-main-run-command-interaction" time="0.3272">
    </testcase>

        <testcase classname="clj-net-pcap.test.main" name="test-simple-timed-main-run-with-no-op-calls-per-second-forwarder" time="0.2983">
    </testcase>

  </testsuite>
  <testsuite errors="0" failures="0" id="6" name="native" package="clj-net-pcap.test" tests="8" time="0.0612" timestamp="2022-12-25_19:48:11+0100">
        <testcase classname="clj-net-pcap.test.native" name="extract-and-refernce-native-libs-from-current-working-directory" time="0.0123">
    </testcase>

        <testcase classname="clj-net-pcap.test.native" name="extract-remove-native-libs" time="0.0121">
    </testcase>

        <testcase classname="clj-net-pcap.test.native" name="extract-and-refernce-native-libs-from-jar" time="0.0152">
    </testcase>

        <testcase classname="clj-net-pcap.test.native" name="extract-from-jar-to-file" time="0.0139">
    </testcase>

        <testcase classname="clj-net-pcap.test.native" name="find-lib-in-jar" time="0.0014">
    </testcase>

        <testcase classname="clj-net-pcap.test.native" name="get-url-for-lib-error" time="0.0005">
    </testcase>

        <testcase classname="clj-net-pcap.test.native" name="mk-rm-native-lib-dir" time="0.0009">
    </testcase>

        <testcase classname="clj-net-pcap.test.native" name="get-url-for-lib" time="0.0003">
    </testcase>

        <system-err>
    </system-err>

        <system-out>

Using the following path to locate the library inside the JAR file: 32native/linux/amd64/libjnetpcap.so
    </system-out>

        <properties>
[...]
</properties>

  </testsuite>
  <testsuite errors="0" failures="0" id="7" name="packet-gen" package="clj-net-pcap.test" tests="17" time="0.0288" timestamp="2022-12-25_19:48:11+0100">
        <testcase classname="clj-net-pcap.test.packet-gen" name="generate-packet-data-ipv4-with-automatically-calculated-checksum-test" time="0.0046">
    </testcase>

        <testcase classname="clj-net-pcap.test.packet-gen" name="generate-packet-data-ipv4-with-udp-vec-payload-compute-len-test" time="0.0039">
    </testcase>

        <testcase classname="clj-net-pcap.test.packet-gen" name="generate-packet-data-ipv4-with-udp-test" time="0.0016">
    </testcase>

        <testcase classname="clj-net-pcap.test.packet-gen" name="ipv4-string-to-byte-array-127_128_129_130-unchecked-test" time="0.0007">
    </testcase>

        <testcase classname="clj-net-pcap.test.packet-gen" name="eth-mac-string-to-byte-array-7F_80_81_82_83_84-unchecked-test" time="0.0005">
    </testcase>

        <testcase classname="clj-net-pcap.test.packet-gen" name="generate-packet-data-ipv4-with-icmp-compute-len-test" time="0.0012">
    </testcase>

        <testcase classname="clj-net-pcap.test.packet-gen" name="generate-packet-data-ethernet-test" time="0.0005">
    </testcase>

        <testcase classname="clj-net-pcap.test.packet-gen" name="eth-mac-string-to-byte-array-FF_FE_FD_F2_F1_F0-unchecked-test" time="0.0004">
    </testcase>

        <testcase classname="clj-net-pcap.test.packet-gen" name="generate-packet-data-ipv4-with-icmp-test" time="0.0011">
    </testcase>

        <testcase classname="clj-net-pcap.test.packet-gen" name="ipv4-string-to-byte-array-252_253_254_255-unchecked-test" time="0.0004">
    </testcase>

        <testcase classname="clj-net-pcap.test.packet-gen" name="generate-packet-data-ipv4-with-udp-compute-len-test" time="0.0010">
    </testcase>

        <testcase classname="clj-net-pcap.test.packet-gen" name="ipv4-string-to-byte-array-1_2_3_4-unchecked-test" time="0.0004">
    </testcase>

        <testcase classname="clj-net-pcap.test.packet-gen" name="generate-packet-data-ipv4-with-icmp-vec-payload-compute-len-test" time="0.0010">
    </testcase>

        <testcase classname="clj-net-pcap.test.packet-gen" name="eth-mac-string-to-byte-array-10_11_12_1A_1B_1C-unchecked-test" time="0.0004">
    </testcase>

        <testcase classname="clj-net-pcap.test.packet-gen" name="generate-packet-data-ethernet-compute-len-test" time="0.0005">
    </testcase>

        <testcase classname="clj-net-pcap.test.packet-gen" name="generate-packet-data-ipv4-with-manually-set-checksum-test" time="0.0033">
    </testcase>

        <testcase classname="clj-net-pcap.test.packet-gen" name="eth-mac-string-to-byte-array-01_02_03_04_05_06-unchecked-test" time="0.0005">
    </testcase>

        <system-err>
    </system-err>

        <system-out>
    </system-out>

        <properties>
[...]
</properties>

  </testsuite>
  <testsuite errors="0" failures="0" id="8" name="pcap-bulk" package="clj-net-pcap.test" tests="4" time="8.5440" timestamp="2022-12-25_19:48:20+0100">
        <testcase classname="clj-net-pcap.test.pcap-bulk" name="cljnetpcap-send-and-receive-bytes-packet-without-intermediate-buffer-count-test" time="2.1780">
    </testcase>

        <testcase classname="clj-net-pcap.test.pcap-bulk" name="cljnetpcap-send-and-receive-packet-maps-without-intermediate-buffer-count-test" time="2.1033">
    </testcase>

        <testcase classname="clj-net-pcap.test.pcap-bulk" name="cljnetpcap-send-and-receive-packet-maps-via-intermediate-buffer-count-test" time="2.0850">
    </testcase>

        <testcase classname="clj-net-pcap.test.pcap-bulk" name="cljnetpcap-send-and-receive-bytes-packet-via-intermediate-buffer-count-test" time="2.1735">
    </testcase>

        <system-err>
Creating pcap with: device = lo ; buffer size = 67108864 ; snaplen = 128 ; and promiscuous mode (flags) = 1
Creating pcap with: device = lo ; buffer size = 67108864 ; snaplen = 128 ; and promiscuous mode (flags) = 1
Creating pcap with: device = lo ; buffer size = 67108864 ; snaplen = 128 ; and promiscuous mode (flags) = 1
Creating pcap with: device = lo ; buffer size = 67108864 ; snaplen = 128 ; and promiscuous mode (flags) = 1
    </system-err>

        <system-out>
Creating pcap with: device =32lo32; buffer size =326710886432; snaplen =3212832; and promiscuous mode (flags) =321
Stopping online pcap.
Creating pcap with: device =32lo32; buffer size =326710886432; snaplen =3212832; and promiscuous mode (flags) =321
Stopping online pcap.
Creating pcap with: device =32lo32; buffer size =326710886432; snaplen =3212832; and promiscuous mode (flags) =321
Stopping online pcap.
Creating pcap with: device =32lo32; buffer size =326710886432; snaplen =3212832; and promiscuous mode (flags) =321
Stopping online pcap.
    </system-out>

        <properties>
[...]
</properties>

  </testsuite>
  <testsuite errors="0" failures="0" id="9" name="pcap-data" package="clj-net-pcap.test" tests="7" time="0.3135" timestamp="2022-12-25_19:48:21+0100">
        <testcase classname="clj-net-pcap.test.pcap-data" name="test-guess-class-b-net-2" time="0.0013">
    </testcase>

        <testcase classname="clj-net-pcap.test.pcap-data" name="test-timestamp-compare-to-2" time="0.1025">
    </testcase>

        <testcase classname="clj-net-pcap.test.pcap-data" name="test-timestamp-compare-to-1" time="0.1016">
    </testcase>

        <testcase classname="clj-net-pcap.test.pcap-data" name="test-guess-class-b-net" time="0.0008">
    </testcase>

        <testcase classname="clj-net-pcap.test.pcap-data" name="test-guess-class-c-net" time="0.0006">
    </testcase>

        <testcase classname="clj-net-pcap.test.pcap-data" name="test-timestamp-equals" time="0.1023">
    </testcase>

        <testcase classname="clj-net-pcap.test.pcap-data" name="test-guess-class-a-net" time="0.0012">
    </testcase>

        <system-err>
    </system-err>

        <system-out>
Waiting till handler completed...
Waiting till handler completed...
Waiting till handler completed...
    </system-out>

        <properties>
[...]
</properties>

  </testsuite>
  <testsuite errors="0" failures="0" id="10" name="pcap-offline" package="clj-net-pcap.test" tests="8" time="1.7221" timestamp="2022-12-25_19:48:22+0100">
        <testcase classname="clj-net-pcap.test.pcap-offline" name="test-extract-byte-arrays-raw-data-from-pcap-file" time="0.1026">
    </testcase>

        <testcase classname="clj-net-pcap.test.pcap-offline" name="test-process-pcap-file-as-nested-maps" time="0.1018">
    </testcase>

        <testcase classname="clj-net-pcap.test.pcap-offline" name="test-process-pcap-file" time="1.2034">
    </testcase>

        <testcase classname="clj-net-pcap.test.pcap-offline" name="test-extract-maps-from-pcap-file" time="0.1049">
    </testcase>

        <testcase classname="clj-net-pcap.test.pcap-offline" name="test-create-pcap-from-file-error" time="0.0010">
    </testcase>

        <testcase classname="clj-net-pcap.test.pcap-offline" name="test-extract-nested-maps-from-pcap-file" time="0.1023">
    </testcase>

        <testcase classname="clj-net-pcap.test.pcap-offline" name="test-extract-beans-from-pcap-file" time="0.1020">
    </testcase>

        <testcase classname="clj-net-pcap.test.pcap-offline" name="test-create-pcap-from-file" time="0.0002">
    </testcase>

        <system-err>
An error occured while opening the offline pcap file:this.file.does-not-exist: No such file or directory
    </system-err>

        <system-out>
Waiting till handler completed...
Waiting till handler completed...
Waiting till handler completed...
Waiting till handler completed...
Please note: this test is supposed to emit an error message.
32The error message should complain about the file &apos;this.file.does-not-exist&apos; not being there.
An error occured while opening the offline pcap file:this.file.does-not-exist: No such file or directory
Waiting till handler completed...
Waiting till handler completed...
    </system-out>

        <properties>
[...]
</properties>

  </testsuite>
  <testsuite errors="0" failures="0" id="11" name="pcap-send" package="clj-net-pcap.test" tests="11" time="3.9250" timestamp="2022-12-25_19:48:26+0100">
        <testcase classname="clj-net-pcap.test.pcap-send" name="cljnetpcap-send-and-receive-bytes-packet-with-count-and-delay-test" time="0.5672">
    </testcase>

        <testcase classname="clj-net-pcap.test.pcap-send" name="cljnetpcap-send-and-receive-packet-from-description-map-with-count-and-delay-test" time="0.5855">
    </testcase>

        <testcase classname="clj-net-pcap.test.pcap-send" name="cljnetpcap-send-and-receive-bytes-packet-raw-test" time="0.1600">
    </testcase>

        <testcase classname="clj-net-pcap.test.pcap-send" name="cljnetpcap-send-and-receive-packet-from-description-map-count-test" time="0.5762">
    </testcase>

        <testcase classname="clj-net-pcap.test.pcap-send" name="cljnetpcap-send-and-receive-bytes-packet-test" time="0.1767">
    </testcase>

        <testcase classname="clj-net-pcap.test.pcap-send" name="cljnetpcap-send-and-receive-bytes-packet-with-count-test" time="0.4727">
    </testcase>

        <testcase classname="clj-net-pcap.test.pcap-send" name="pcap-send-and-sniff-byte-array-test" time="0.1395">
    </testcase>

        <testcase classname="clj-net-pcap.test.pcap-send" name="cljnetpcap-send-and-receive-bytes-packet-count-test" time="0.5566">
    </testcase>

        <testcase classname="clj-net-pcap.test.pcap-send" name="cljnetpcap-send-and-receive-packet-maps-test" time="0.1633">
    </testcase>

        <testcase classname="clj-net-pcap.test.pcap-send" name="naive-pcap-send-byte-array-test" time="0.0317">
    </testcase>

        <testcase classname="clj-net-pcap.test.pcap-send" name="cljnetpcap-send-and-receive-packet-from-description-map-with-count-test" time="0.4857">
    </testcase>

        <system-err>
Creating pcap with: device = lo ; buffer size = 67108864 ; snaplen = 128 ; and promiscuous mode (flags) = 1
Creating pcap with: device = lo ; buffer size = 67108864 ; snaplen = 128 ; and promiscuous mode (flags) = 1
Creating pcap with: device = lo ; buffer size = 67108864 ; snaplen = 128 ; and promiscuous mode (flags) = 1
Creating pcap with: device = lo ; buffer size = 67108864 ; snaplen = 128 ; and promiscuous mode (flags) = 1
Creating pcap with: device = lo ; buffer size = 67108864 ; snaplen = 128 ; and promiscuous mode (flags) = 1
Creating pcap with: device = lo ; buffer size = 67108864 ; snaplen = 128 ; and promiscuous mode (flags) = 1
Creating pcap with: device = lo ; buffer size = 67108864 ; snaplen = 128 ; and promiscuous mode (flags) = 1
Creating pcap with: device = lo ; buffer size = 67108864 ; snaplen = 128 ; and promiscuous mode (flags) = 1
Creating pcap with: device = lo ; buffer size = 67108864 ; snaplen = 128 ; and promiscuous mode (flags) = 1
Creating pcap with: device = lo ; buffer size = 67108864 ; snaplen = 128 ; and promiscuous mode (flags) = 1
Creating pcap with: device = lo ; buffer size = 67108864 ; snaplen = 128 ; and promiscuous mode (flags) = 1
    </system-err>

        <system-out>
Creating pcap with: device =32lo32; buffer size =326710886432; snaplen =3212832; and promiscuous mode (flags) =321
Stopping online pcap.
Creating pcap with: device =32lo32; buffer size =326710886432; snaplen =3212832; and promiscuous mode (flags) =321
Stopping online pcap.
Creating pcap with: device =32lo32; buffer size =326710886432; snaplen =3212832; and promiscuous mode (flags) =321
Stopping online pcap.
Creating pcap with: device =32lo32; buffer size =326710886432; snaplen =3212832; and promiscuous mode (flags) =321
Stopping online pcap.
Creating pcap with: device =32lo32; buffer size =326710886432; snaplen =3212832; and promiscuous mode (flags) =321
Stopping online pcap.
Creating pcap with: device =32lo32; buffer size =326710886432; snaplen =3212832; and promiscuous mode (flags) =321
Stopping online pcap.
Creating pcap with: device =32lo32; buffer size =326710886432; snaplen =3212832; and promiscuous mode (flags) =321
Stopping online pcap.
Creating pcap with: device =32lo32; buffer size =326710886432; snaplen =3212832; and promiscuous mode (flags) =321
Stopping online pcap.
Creating pcap with: device =32lo32; buffer size =326710886432; snaplen =3212832; and promiscuous mode (flags) =321
Stopping online pcap.
Creating pcap with: device =32lo32; buffer size =326710886432; snaplen =3212832; and promiscuous mode (flags) =321
Creating pcap with: device =32lo32; buffer size =326710886432; snaplen =3212832; and promiscuous mode (flags) =321
Stopping online pcap.
    </system-out>

        <properties>
[...]
</properties>

  </testsuite>
  <testsuite errors="0" failures="0" id="12" name="pcap" package="clj-net-pcap.test" tests="14" time="0.3192" timestamp="2022-12-25_19:48:12+0100">
        <testcase classname="clj-net-pcap.test.pcap" name="test-set-filter" time="0.0416">
    </testcase>

        <testcase classname="clj-net-pcap.test.pcap" name="test-device-does-not-exist" time="0.0009">
    </testcase>

        <testcase classname="clj-net-pcap.test.pcap" name="test-activate-online-pcap-exception" time="0.0018">
    </testcase>

        <testcase classname="clj-net-pcap.test.pcap" name="test-device-exists" time="0.0012">
    </testcase>

        <testcase classname="clj-net-pcap.test.pcap" name="test-create-and-activate-online-pcap" time="0.0364">
    </testcase>

        <testcase classname="clj-net-pcap.test.pcap" name="throw-exception-on-invalid-operation-three-args-test" time="0.0361">
    </testcase>

        <testcase classname="clj-net-pcap.test.pcap" name="throw-exception-on-invalid-operation-no-arg-test" time="0.0450">
    </testcase>

        <testcase classname="clj-net-pcap.test.pcap" name="throw-exception-on-invalid-operation-single-arg-test" time="0.0347">
    </testcase>

        <testcase classname="clj-net-pcap.test.pcap" name="test-create-online-pcap" time="0.0026">
    </testcase>

        <testcase classname="clj-net-pcap.test.pcap" name="test-create-get-stat-fn" time="0.0421">
    </testcase>

        <testcase classname="clj-net-pcap.test.pcap" name="test-create-filter" time="0.0396">
    </testcase>

        <testcase classname="clj-net-pcap.test.pcap" name="test-create-and-set-filter" time="0.0237">
    </testcase>

        <testcase classname="clj-net-pcap.test.pcap" name="test-get-device" time="0.0025">
    </testcase>

        <testcase classname="clj-net-pcap.test.pcap" name="test-get-devices" time="0.0020">
    </testcase>

        <system-err>
Creating pcap with: device = lo ; buffer size = 67108864 ; snaplen = 128 ; and promiscuous mode (flags) = 1
Error creating online pcap. Device non-existant-device-foo does not exist.
Creating pcap with: device = lo ; buffer size = 67108864 ; snaplen = 128 ; and promiscuous mode (flags) = 1
Creating pcap with: device = lo ; buffer size = 67108864 ; snaplen = 128 ; and promiscuous mode (flags) = 1
Creating pcap with: device = lo ; buffer size = 67108864 ; snaplen = 128 ; and promiscuous mode (flags) = 1
Creating pcap with: device = lo ; buffer size = 67108864 ; snaplen = 128 ; and promiscuous mode (flags) = 1
Creating pcap with: device = lo ; buffer size = 67108864 ; snaplen = 128 ; and promiscuous mode (flags) = 1
Creating pcap with: device = lo ; buffer size = 67108864 ; snaplen = 128 ; and promiscuous mode (flags) = 1
Creating pcap with: device = lo ; buffer size = 67108864 ; snaplen = 128 ; and promiscuous mode (flags) = 1
Creating pcap with: device = lo ; buffer size = 67108864 ; snaplen = 128 ; and promiscuous mode (flags) = 1
    </system-err>

        <system-out>
Creating pcap with: device =32lo32; buffer size =326710886432; snaplen =3212832; and promiscuous mode (flags) =321
Please note that this test is supposed to print an error message like: &quot;Error creating online pcap. ...&quot;
Error creating online pcap. Device non-existant-device-foo does not exist.
Creating pcap with: device =32lo32; buffer size =326710886432; snaplen =3212832; and promiscuous mode (flags) =321
Creating pcap with: device =32lo32; buffer size =326710886432; snaplen =3212832; and promiscuous mode (flags) =321
Creating pcap with: device =32lo32; buffer size =326710886432; snaplen =3212832; and promiscuous mode (flags) =321
Creating pcap with: device =32lo32; buffer size =326710886432; snaplen =3212832; and promiscuous mode (flags) =321
Creating pcap with: device =32lo32; buffer size =326710886432; snaplen =3212832; and promiscuous mode (flags) =321
Creating pcap with: device =32lo32; buffer size =326710886432; snaplen =3212832; and promiscuous mode (flags) =321
{recv320, drop320, ifdrop320}
Creating pcap with: device =32lo32; buffer size =326710886432; snaplen =3212832; and promiscuous mode (flags) =321
Creating pcap with: device =32lo32; buffer size =326710886432; snaplen =3212832; and promiscuous mode (flags) =321
    </system-out>

        <properties>
[...]
</properties>

  </testsuite>
  <testsuite errors="0" failures="0" id="13" name="protocols" package="clj-net-pcap.test" tests="13" time="1.8572" timestamp="2022-12-25_19:48:28+0100">
        <testcase classname="clj-net-pcap.test.protocols" name="test-extract-udp-beans-from-pcap-file" time="0.1028">
    </testcase>

        <testcase classname="clj-net-pcap.test.protocols" name="test-extract-icmpv6-router-solicitation-beans-from-pcap-file" time="0.1021">
    </testcase>

        <testcase classname="clj-net-pcap.test.protocols" name="test-extract-tcp-maps-from-pcap-file" time="0.1021">
    </testcase>

        <testcase classname="clj-net-pcap.test.protocols" name="test-extract-arp-maps-from-pcap-file" time="0.2033">
    </testcase>

        <testcase classname="clj-net-pcap.test.protocols" name="test-extract-tcp-beans-from-pcap-file" time="0.1051">
    </testcase>

        <testcase classname="clj-net-pcap.test.protocols" name="test-extract-arp-nested-maps-from-pcap-file" time="0.2036">
    </testcase>

        <testcase classname="clj-net-pcap.test.protocols" name="test-extract-arp-beans-from-pcap-file" time="0.2058">
    </testcase>

        <testcase classname="clj-net-pcap.test.protocols" name="test-extract-tcp-nested-maps-from-pcap-file-dns" time="0.2041">
    </testcase>

        <testcase classname="clj-net-pcap.test.protocols" name="test-extract-http-nested-maps-from-pcap-file" time="0.1054">
    </testcase>

        <testcase classname="clj-net-pcap.test.protocols" name="test-extract-tcp-nested-maps-from-pcap-file" time="0.1019">
    </testcase>

        <testcase classname="clj-net-pcap.test.protocols" name="test-extract-icmpv6-router-solicitation-maps-from-pcap-file" time="0.1033">
    </testcase>

        <testcase classname="clj-net-pcap.test.protocols" name="test-extract-udp-maps-from-pcap-file" time="0.2034">
    </testcase>

        <testcase classname="clj-net-pcap.test.protocols" name="test-extract-tcp-nested-maps-from-pcap-file-icmpv6" time="0.1051">
    </testcase>

        <system-err>
    </system-err>

        <system-out>
Waiting till handler completed...
Waiting till handler completed...
Waiting till handler completed...
Waiting till handler completed...
Waiting till handler completed...
Waiting till handler completed...
Waiting till handler completed...
Waiting till handler completed...
Waiting till handler completed...
Waiting till handler completed...
Waiting till handler completed...
Waiting till handler completed...
Waiting till handler completed...
    </system-out>

        <properties>
[...]
</properties>

  </testsuite>
  <testsuite errors="0" failures="0" id="14" name="self-adaptive-dsl-adjustment" package="clj-net-pcap.test" tests="15" time="0.0786" timestamp="2022-12-25_19:48:28+0100">
        <testcase classname="clj-net-pcap.test.self-adaptive-dsl-adjustment" name="self-adaptation-controller-restore-full-dsl-on-slowdown-test" time="0.0168">
    </testcase>

        <testcase classname="clj-net-pcap.test.self-adaptive-dsl-adjustment" name="stat-delta-test" time="0.0012">
    </testcase>

        <testcase classname="clj-net-pcap.test.self-adaptive-dsl-adjustment" name="moving-average-calculator-test-2" time="0.0004">
    </testcase>

        <testcase classname="clj-net-pcap.test.self-adaptive-dsl-adjustment" name="determine-max-capture-rate-test-1" time="0.0020">
    </testcase>

        <testcase classname="clj-net-pcap.test.self-adaptive-dsl-adjustment" name="self-adaptation-controller-cap-rate-calc-test-1" time="0.0070">
    </testcase>

        <testcase classname="clj-net-pcap.test.self-adaptive-dsl-adjustment" name="simple-repetition-detection-test-1" time="0.0013">
    </testcase>

        <testcase classname="clj-net-pcap.test.self-adaptive-dsl-adjustment" name="simple-repetition-detection-test-2" time="0.0022">
    </testcase>

        <testcase classname="clj-net-pcap.test.self-adaptive-dsl-adjustment" name="determine-max-capture-rate-test-5" time="0.0038">
    </testcase>

        <testcase classname="clj-net-pcap.test.self-adaptive-dsl-adjustment" name="moving-average-calculator-test-3" time="0.0005">
    </testcase>

        <testcase classname="clj-net-pcap.test.self-adaptive-dsl-adjustment" name="moving-average-calculator-test-1" time="0.0022">
    </testcase>

        <testcase classname="clj-net-pcap.test.self-adaptive-dsl-adjustment" name="get-dropped-sum-test" time="0.0002">
    </testcase>

        <testcase classname="clj-net-pcap.test.self-adaptive-dsl-adjustment" name="self-adaptation-controller-initialization-test" time="0.0005">
    </testcase>

        <testcase classname="clj-net-pcap.test.self-adaptive-dsl-adjustment" name="determine-max-capture-rate-test-4" time="0.0014">
    </testcase>

        <testcase classname="clj-net-pcap.test.self-adaptive-dsl-adjustment" name="self-adaptation-controller-limit-dsl-on-speedup-test" time="0.0109">
    </testcase>

        <testcase classname="clj-net-pcap.test.self-adaptive-dsl-adjustment" name="self-adaptation-controller-cap-rate-calc-test-2" time="0.0207">
    </testcase>

        <system-err>
    </system-err>

        <system-out>
Determined max. capture rate:32-1.0
Determined max. capture rate:32-1.0
Determined max. capture rate:329900.0
Adjusting max. capture rate for current state.
{132{:dsl32[{:a32A} {:b32B} {:c32C}], :max-cap-rate329900.0}, 232{:dsl32[{:b32B} {:c32C}], :max-cap-rate32-1}}
self-adaptivity-controller state changed from32132to322
Resetting inact-ctr to322
Restoring DSL for state:321
self-adaptivity-controller state changed from32232to321
Resetting inact-ctr to322
Determined max. capture rate:32-1.0
Determined max. capture rate:32-1.0
Determined max. capture rate:329900.0
Adjusting max. capture rate for current state.
{132{:dsl32[{:a32A} {:b32B} {:c32C}], :max-cap-rate329900.0}, 232{:dsl32[{:b32B} {:c32C}], :max-cap-rate32-1}}
self-adaptivity-controller state changed from32132to322
Resetting inact-ctr to322
Determined max. capture rate:32-1.0
Determined max. capture rate:32-1.0
Determined max. capture rate:329900.0
Adjusting max. capture rate for current state.
{132{:dsl32[{:a32A} {:b32B} {:c32C}], :max-cap-rate329900.0}, 232{:dsl32[{:b32B} {:c32C}], :max-cap-rate32-1}}
self-adaptivity-controller state changed from32132to322
Resetting inact-ctr to322
Restoring DSL for state:321
self-adaptivity-controller state changed from32232to321
Resetting inact-ctr to322
Using next simpler DSL sub part:322
self-adaptivity-controller state changed from32132to322
Resetting inact-ctr to322
Determined max. capture rate:32-1.0
Determined max. capture rate:32-1.0
Determined max. capture rate:329900.0
Adjusting max. capture rate for current state.
{132{:dsl32[{:a32A} {:b32B} {:c32C}], :max-cap-rate329900.0}, 232{:dsl32[{:b32B} {:c32C}], :max-cap-rate32-1}}
self-adaptivity-controller state changed from32132to322
Resetting inact-ctr to320
Determined max. capture rate:32-1.0
Determined max. capture rate:32-1.0
Determined max. capture rate:329900.0
Adjusting max. capture rate for current state.
{132{:dsl32[{:a32A} {:b32B} {:c32C}], :max-cap-rate329900.0}, 232{:dsl32[{:b32B} {:c32C}], :max-cap-rate329900.0}, 332{:dsl32[{:c32C}], :max-cap-rate32-1}}
self-adaptivity-controller state changed from32232to323
Resetting inact-ctr to320
    </system-out>

        <properties>
[...]
</properties>

  </testsuite>
  <testsuite errors="0" failures="0" id="15" name="sniffer" package="clj-net-pcap.test" tests="2" time="1.0734" timestamp="2022-12-25_19:48:29+0100">
        <testcase classname="clj-net-pcap.test.sniffer" name="sniffer-forwarder-interaction" time="1.0714">
    </testcase>

        <testcase classname="clj-net-pcap.test.sniffer" name="test-forwarder" time="0.0010">
    </testcase>

        <system-err>
Creating pcap with: device = lo ; buffer size = 67108864 ; snaplen = 128 ; and promiscuous mode (flags) = 1
    </system-err>

        <system-out>
Creating pcap with: device =32lo32; buffer size =326710886432; snaplen =3212832; and promiscuous mode (flags) =321
Stopping online pcap.
    </system-out>

        <properties>
[...]
</properties>

  </testsuite>
</testsuites>
